<?xml version="1.0" encoding="UTF-8"?>
<!-- Generated by org.testng.reporters.JUnitXMLReporter -->
<testsuite ignored="0" hostname="LAPTOP-J5E37TJF" failures="0" tests="4" name="Test" time="21.95" errors="0" timestamp="2022-05-10T21:54:21 IST">
  <testcase classname="testjava.DashboardPageTest" name="verifyLogoutOption" time="5.86"/>
  <testcase classname="testjava.LoginPageTest" name="verifyUrlOfPage" time="0.011"/>
  <testcase classname="testjava.LoginPageTest" name="verifyTitleOfPage" time="0.019"/>
  <testcase classname="testjava.LoginPageTest" name="verifyLoginWithCorrectCred" time="4.021"/>
</testsuite> <!-- Test -->
