<?xml version="1.0" encoding="UTF-8"?>
<!-- Generated by org.testng.reporters.JUnitXMLReporter -->
<testsuite ignored="0" hostname="LAPTOP-J5E37TJF" failures="0" tests="4" name="Test" time="28.417" errors="0" timestamp="2022-05-12T11:27:22 IST">
  <testcase classname="testjavapages.LoginPageTest" name="verifyUrlOfPage" time="0.016"/>
  <testcase classname="testjavapages.LoginPageTest" name="verifyTitleOfPage" time="0.0"/>
  <testcase classname="testjavapages.LoginPageTest" name="verifyLoginWithCorrectCred" time="5.391"/>
  <testcase classname="testjavapages.DashboardPageTest" name="verifyLogoutOption" time="7.081"/>
</testsuite> <!-- Test -->
