<?xml version="1.0" encoding="UTF-8"?>
<testng-results ignored="0" total="4" passed="4" failed="0" skipped="0">
  <reporter-output>
  </reporter-output>
  <suite started-at="2022-05-10T22:00:35 IST" name="Suite" finished-at="2022-05-10T22:01:00 IST" duration-ms="25453">
    <groups>
    </groups>
    <test started-at="2022-05-10T22:00:35 IST" name="Test" finished-at="2022-05-10T22:01:00 IST" duration-ms="25453">
      <class name="testjava.LoginPageTest">
        <test-method is-config="true" signature="BrowserLaunch()[pri:0, instance:testjava.LoginPageTest@53976f5c]" started-at="2022-05-10T22:00:48 IST" name="BrowserLaunch" finished-at="2022-05-10T22:00:54 IST" duration-ms="5669" status="PASS">
          <reporter-output>
          </reporter-output>
        </test-method> <!-- BrowserLaunch -->
        <test-method is-config="true" signature="allPageObjects()[pri:0, instance:testjava.LoginPageTest@53976f5c]" started-at="2022-05-10T22:00:54 IST" name="allPageObjects" finished-at="2022-05-10T22:00:54 IST" duration-ms="2" status="PASS">
          <reporter-output>
          </reporter-output>
        </test-method> <!-- allPageObjects -->
        <test-method signature="verifyUrlOfPage()[pri:0, instance:testjava.LoginPageTest@53976f5c]" started-at="2022-05-10T22:00:54 IST" name="verifyUrlOfPage" finished-at="2022-05-10T22:00:54 IST" duration-ms="6" status="PASS">
          <reporter-output>
          </reporter-output>
        </test-method> <!-- verifyUrlOfPage -->
        <test-method is-config="true" signature="allPageObjects()[pri:0, instance:testjava.LoginPageTest@53976f5c]" started-at="2022-05-10T22:00:54 IST" name="allPageObjects" finished-at="2022-05-10T22:00:54 IST" duration-ms="1" status="PASS">
          <reporter-output>
          </reporter-output>
        </test-method> <!-- allPageObjects -->
        <test-method signature="verifyTitleOfPage()[pri:1, instance:testjava.LoginPageTest@53976f5c]" started-at="2022-05-10T22:00:54 IST" name="verifyTitleOfPage" finished-at="2022-05-10T22:00:54 IST" duration-ms="7" status="PASS">
          <reporter-output>
          </reporter-output>
        </test-method> <!-- verifyTitleOfPage -->
        <test-method is-config="true" signature="allPageObjects()[pri:0, instance:testjava.LoginPageTest@53976f5c]" started-at="2022-05-10T22:00:54 IST" name="allPageObjects" finished-at="2022-05-10T22:00:54 IST" duration-ms="2" status="PASS">
          <reporter-output>
          </reporter-output>
        </test-method> <!-- allPageObjects -->
        <test-method signature="verifyLoginWithCorrectCred()[pri:2, instance:testjava.LoginPageTest@53976f5c]" started-at="2022-05-10T22:00:54 IST" name="verifyLoginWithCorrectCred" finished-at="2022-05-10T22:00:59 IST" duration-ms="5188" status="PASS">
          <reporter-output>
          </reporter-output>
        </test-method> <!-- verifyLoginWithCorrectCred -->
        <test-method is-config="true" signature="tearDownBrowser()[pri:0, instance:testjava.LoginPageTest@53976f5c]" started-at="2022-05-10T22:00:59 IST" name="tearDownBrowser" finished-at="2022-05-10T22:01:00 IST" duration-ms="653" status="PASS">
          <reporter-output>
          </reporter-output>
        </test-method> <!-- tearDownBrowser -->
      </class> <!-- testjava.LoginPageTest -->
      <class name="testjava.DashboardPageTest">
        <test-method is-config="true" signature="BrowserLaunch()[pri:0, instance:testjava.DashboardPageTest@4e7912d8]" started-at="2022-05-10T22:00:35 IST" name="BrowserLaunch" finished-at="2022-05-10T22:00:42 IST" duration-ms="7373" status="PASS">
          <reporter-output>
          </reporter-output>
        </test-method> <!-- BrowserLaunch -->
        <test-method is-config="true" signature="allPageObjects()[pri:0, instance:testjava.DashboardPageTest@4e7912d8]" started-at="2022-05-10T22:00:42 IST" name="allPageObjects" finished-at="2022-05-10T22:00:42 IST" duration-ms="22" status="PASS">
          <reporter-output>
          </reporter-output>
        </test-method> <!-- allPageObjects -->
        <test-method signature="verifyLogoutOption()[pri:5, instance:testjava.DashboardPageTest@4e7912d8]" started-at="2022-05-10T22:00:42 IST" name="verifyLogoutOption" finished-at="2022-05-10T22:00:48 IST" duration-ms="5704" status="PASS">
          <reporter-output>
          </reporter-output>
        </test-method> <!-- verifyLogoutOption -->
        <test-method is-config="true" signature="tearDownBrowser()[pri:0, instance:testjava.DashboardPageTest@4e7912d8]" started-at="2022-05-10T22:00:48 IST" name="tearDownBrowser" finished-at="2022-05-10T22:00:48 IST" duration-ms="793" status="PASS">
          <reporter-output>
          </reporter-output>
        </test-method> <!-- tearDownBrowser -->
      </class> <!-- testjava.DashboardPageTest -->
    </test> <!-- Test -->
  </suite> <!-- Suite -->
</testng-results>
