<?xml version="1.0" encoding="UTF-8"?>
<testng-results ignored="0" total="4" passed="4" failed="0" skipped="0">
  <reporter-output>
  </reporter-output>
  <suite started-at="2022-05-12T11:28:11 IST" name="Suite" finished-at="2022-05-12T11:28:38 IST" duration-ms="26984">
    <groups>
    </groups>
    <test started-at="2022-05-12T11:28:11 IST" name="Test" finished-at="2022-05-12T11:28:38 IST" duration-ms="26984">
      <class name="testjavapages.DashboardPageTest">
        <test-method is-config="true" signature="BrowserLaunch()[pri:0, instance:testjavapages.DashboardPageTest@4bdeaabb]" started-at="2022-05-12T11:28:24 IST" name="BrowserLaunch" finished-at="2022-05-12T11:28:31 IST" duration-ms="6570" status="PASS">
          <reporter-output>
          </reporter-output>
        </test-method> <!-- BrowserLaunch -->
        <test-method is-config="true" signature="allPageObjects()[pri:0, instance:testjavapages.DashboardPageTest@4bdeaabb]" started-at="2022-05-12T11:28:31 IST" name="allPageObjects" finished-at="2022-05-12T11:28:31 IST" duration-ms="1" status="PASS">
          <reporter-output>
          </reporter-output>
        </test-method> <!-- allPageObjects -->
        <test-method signature="verifyLogoutOption()[pri:5, instance:testjavapages.DashboardPageTest@4bdeaabb]" started-at="2022-05-12T11:28:31 IST" name="verifyLogoutOption" finished-at="2022-05-12T11:28:37 IST" duration-ms="6603" status="PASS">
          <reporter-output>
          </reporter-output>
        </test-method> <!-- verifyLogoutOption -->
        <test-method is-config="true" signature="tearDownBrowser()[pri:0, instance:testjavapages.DashboardPageTest@4bdeaabb]" started-at="2022-05-12T11:28:37 IST" name="tearDownBrowser" finished-at="2022-05-12T11:28:38 IST" duration-ms="637" status="PASS">
          <reporter-output>
          </reporter-output>
        </test-method> <!-- tearDownBrowser -->
      </class> <!-- testjavapages.DashboardPageTest -->
      <class name="testjavapages.LoginPageTest">
        <test-method is-config="true" signature="BrowserLaunch()[pri:0, instance:testjavapages.LoginPageTest@5a59ca5e]" started-at="2022-05-12T11:28:11 IST" name="BrowserLaunch" finished-at="2022-05-12T11:28:19 IST" duration-ms="7731" status="PASS">
          <reporter-output>
          </reporter-output>
        </test-method> <!-- BrowserLaunch -->
        <test-method is-config="true" signature="allPageObjects()[pri:0, instance:testjavapages.LoginPageTest@5a59ca5e]" started-at="2022-05-12T11:28:19 IST" name="allPageObjects" finished-at="2022-05-12T11:28:19 IST" duration-ms="10" status="PASS">
          <reporter-output>
          </reporter-output>
        </test-method> <!-- allPageObjects -->
        <test-method signature="verifyUrlOfPage()[pri:0, instance:testjavapages.LoginPageTest@5a59ca5e]" started-at="2022-05-12T11:28:19 IST" name="verifyUrlOfPage" finished-at="2022-05-12T11:28:19 IST" duration-ms="15" status="PASS">
          <reporter-output>
          </reporter-output>
        </test-method> <!-- verifyUrlOfPage -->
        <test-method signature="verifyLoginWithCorrectCred()[pri:2, instance:testjavapages.LoginPageTest@5a59ca5e]" started-at="2022-05-12T11:28:19 IST" name="verifyLoginWithCorrectCred" finished-at="2022-05-12T11:28:23 IST" duration-ms="4767" status="PASS">
          <reporter-output>
          </reporter-output>
        </test-method> <!-- verifyLoginWithCorrectCred -->
        <test-method is-config="true" signature="allPageObjects()[pri:0, instance:testjavapages.LoginPageTest@5a59ca5e]" started-at="2022-05-12T11:28:19 IST" name="allPageObjects" finished-at="2022-05-12T11:28:19 IST" duration-ms="0" status="PASS">
          <reporter-output>
          </reporter-output>
        </test-method> <!-- allPageObjects -->
        <test-method signature="verifyTitleOfPage()[pri:1, instance:testjavapages.LoginPageTest@5a59ca5e]" started-at="2022-05-12T11:28:19 IST" name="verifyTitleOfPage" finished-at="2022-05-12T11:28:19 IST" duration-ms="0" status="PASS">
          <reporter-output>
          </reporter-output>
        </test-method> <!-- verifyTitleOfPage -->
        <test-method is-config="true" signature="allPageObjects()[pri:0, instance:testjavapages.LoginPageTest@5a59ca5e]" started-at="2022-05-12T11:28:19 IST" name="allPageObjects" finished-at="2022-05-12T11:28:19 IST" duration-ms="0" status="PASS">
          <reporter-output>
          </reporter-output>
        </test-method> <!-- allPageObjects -->
        <test-method is-config="true" signature="tearDownBrowser()[pri:0, instance:testjavapages.LoginPageTest@5a59ca5e]" started-at="2022-05-12T11:28:23 IST" name="tearDownBrowser" finished-at="2022-05-12T11:28:24 IST" duration-ms="611" status="PASS">
          <reporter-output>
          </reporter-output>
        </test-method> <!-- tearDownBrowser -->
      </class> <!-- testjavapages.LoginPageTest -->
    </test> <!-- Test -->
  </suite> <!-- Suite -->
</testng-results>
