<?xml version="1.0" encoding="UTF-8"?>
<!-- Generated by org.testng.reporters.JUnitXMLReporter -->
<testsuite ignored="0" hostname="LAPTOP-J5E37TJF" failures="0" tests="4" name="Test" time="26.984" errors="0" timestamp="2022-05-12T11:28:38 IST">
  <testcase classname="testjavapages.LoginPageTest" name="verifyUrlOfPage" time="0.015"/>
  <testcase classname="testjavapages.LoginPageTest" name="verifyTitleOfPage" time="0.0"/>
  <testcase classname="testjavapages.LoginPageTest" name="verifyLoginWithCorrectCred" time="4.767"/>
  <testcase classname="testjavapages.DashboardPageTest" name="verifyLogoutOption" time="6.603"/>
</testsuite> <!-- Test -->
