<?xml version="1.0" encoding="UTF-8"?>
<!-- Generated by org.testng.reporters.JUnitXMLReporter -->
<testsuite ignored="0" hostname="LAPTOP-J5E37TJF" failures="0" tests="4" name="Test" time="25.453" errors="0" timestamp="2022-05-10T22:01:00 IST">
  <testcase classname="testjava.DashboardPageTest" name="verifyLogoutOption" time="5.704"/>
  <testcase classname="testjava.LoginPageTest" name="verifyUrlOfPage" time="0.006"/>
  <testcase classname="testjava.LoginPageTest" name="verifyTitleOfPage" time="0.007"/>
  <testcase classname="testjava.LoginPageTest" name="verifyLoginWithCorrectCred" time="5.188"/>
</testsuite> <!-- Test -->
